nohup: ignoring input
2024-03-21 17:27:49.391150: I tensorflow/core/util/port.cc:110] oneDNN custom operations are on. You may see slightly different numerical results due to floating-point round-off errors from different computation orders. To turn them off, set the environment variable `TF_ENABLE_ONEDNN_OPTS=0`.
2024-03-21 17:27:49.778123: I tensorflow/tsl/cuda/cudart_stub.cc:28] Could not find cuda drivers on your machine, GPU will not be used.
2024-03-21 17:27:50.778498: I tensorflow/core/platform/cpu_feature_guard.cc:182] This TensorFlow binary is optimized to use available CPU instructions in performance-critical operations.
To enable the following instructions: AVX2 AVX512F AVX512_VNNI FMA, in other operations, rebuild TensorFlow with the appropriate compiler flags.
2024-03-21 17:27:55.932175: W tensorflow/compiler/tf2tensorrt/utils/py_utils.cc:38] TF-TRT Warning: Could not find TensorRT
Load from local files
##############################0##############################
Query: In French, some nouns are considered male and some female (le/la). Is there a way which can help me understand which grammatical gender to use with which noun?
Response1:  absolutely! understanding the grammatical gender of nouns in french can be a bit tricky, but there are some general guidelines that can help
Response2:  ugh, figuring out the gender of nouns in french can be a nightmare! it's just one of those ridiculous rules that makes the language unnecessarily complicated
save files
Load reward model: OpenAssistant/reward-model-deberta-v3-base
Load reward model: OpenAssistant/reward-model-electra-large-discriminator
Evaluate reward type: OpenAssistant/reward-model-deberta-v3-base
Evaluate reward type: OpenAssistant/reward-model-electra-large-discriminator
The avg score for OpenAssistant/reward-model-deberta-v3-base is 1.603032112121582
The avg score for OpenAssistant/reward-model-electra-large-discriminator is 3.4199469089508057
Load reward model: OpenAssistant/reward-model-deberta-v3-base
Load reward model: OpenAssistant/reward-model-electra-large-discriminator
Evaluate reward type: OpenAssistant/reward-model-deberta-v3-base
Evaluate reward type: OpenAssistant/reward-model-electra-large-discriminator
The avg score for OpenAssistant/reward-model-deberta-v3-base is 0.9205651879310608
The avg score for OpenAssistant/reward-model-electra-large-discriminator is -0.029149353504180908
illegal output!
save files
Load reward model: OpenAssistant/reward-model-deberta-v3-base
Load reward model: OpenAssistant/reward-model-electra-large-discriminator
save files
Load reward model: OpenAssistant/reward-model-deberta-v3-base
Load reward model: OpenAssistant/reward-model-electra-large-discriminator
##############################151##############################
Query: Prove the inequality:$$\left(1+\dfrac{1}{\sin a}\right)\left(1+\dfrac{1}{\cos a}\right)\ge 3+2\sqrt{2}; \text{ for } a\in\left]0,\frac{\pi}{2}\right[$$
Response1:  to prove the inequality, we can start by using the am-gm inequality
Response2: the proof is really simple
save files
Load reward model: OpenAssistant/reward-model-deberta-v3-base
Load reward model: OpenAssistant/reward-model-electra-large-discriminator
Evaluate reward type: OpenAssistant/reward-model-deberta-v3-base
Evaluate reward type: OpenAssistant/reward-model-electra-large-discriminator
The avg score for OpenAssistant/reward-model-deberta-v3-base is -4.847396373748779
The avg score for OpenAssistant/reward-model-electra-large-discriminator is -3.7178115844726562
Load reward model: OpenAssistant/reward-model-deberta-v3-base
Load reward model: OpenAssistant/reward-model-electra-large-discriminator
Evaluate reward type: OpenAssistant/reward-model-deberta-v3-base
Evaluate reward type: OpenAssistant/reward-model-electra-large-discriminator
The avg score for OpenAssistant/reward-model-deberta-v3-base is -4.056968688964844
The avg score for OpenAssistant/reward-model-electra-large-discriminator is -3.6662917137145996
illegal output!
save files
Load reward model: OpenAssistant/reward-model-deberta-v3-base
Load reward model: OpenAssistant/reward-model-electra-large-discriminator
illegal output!
save files
Load reward model: OpenAssistant/reward-model-deberta-v3-base
Load reward model: OpenAssistant/reward-model-electra-large-discriminator
save files
Load reward model: OpenAssistant/reward-model-deberta-v3-base
Load reward model: OpenAssistant/reward-model-electra-large-discriminator
